0 info it worked if it ends with ok
1 verbose cli [ '/usr/bin/nodejs', '/usr/bin/npm', 'run-script', 'watch' ]
2 info using npm@3.10.6
3 info using node@v4.5.0
4 verbose config Skipping project config: /home/vince/.npmrc. (matches userconfig)
5 verbose stack Error: ENOENT: no such file or directory, open '/home/vince/package.json'
5 verbose stack     at Error (native)
6 verbose cwd /home/vince/www/projects/projectsList/src/main/resources
7 error Linux 4.4.0-36-generic
8 error argv "/usr/bin/nodejs" "/usr/bin/npm" "run-script" "watch"
9 error node v4.5.0
10 error npm  v3.10.6
11 error path /home/vince/package.json
12 error code ENOENT
13 error errno -2
14 error syscall open
15 error enoent ENOENT: no such file or directory, open '/home/vince/package.json'
16 error enoent ENOENT: no such file or directory, open '/home/vince/package.json'
16 error enoent This is most likely not a problem with npm itself
16 error enoent and is related to npm not being able to find a file.
17 verbose exit [ -2, true ]
